Command line:
   and5_simbox_isim_beh.exe
     -simmode  gui
     -simrunnum  0
     -socket  59562

Thu Nov 10 15:04:51 2016


 Elaboration Time: 0.02 sec

 Current Memory Usage: 195.994 Meg

 Total Signals          : 52
 Total Nets             : 34
 Total Signal Drivers   : 9
 Total Blocks           : 9
 Total Primitive Blocks : 7
 Total Processes        : 9
 Total Traceable Variables  : 13
 Total Scalar Nets and Variables : 517
Total Line Count : 9

 Total Simulation Time: 0.04 sec

 Current Memory Usage: 271.495 Meg

Thu Nov 10 15:05:16 2016

