Command line:
   eq_gate_simbox_isim_beh.exe
     -simmode  gui
     -simrunnum  0
     -socket  60508

Thu Oct 27 13:00:03 2016


 Elaboration Time: 0.02 sec

 Current Memory Usage: 195.916 Meg

 Total Signals          : 6
 Total Nets             : 3
 Total Signal Drivers   : 3
 Total Blocks           : 3
 Total Primitive Blocks : 2
 Total Processes        : 3
 Total Traceable Variables  : 8
 Total Scalar Nets and Variables : 363
Total Line Count : 3

 Total Simulation Time: 0.02 sec

 Current Memory Usage: 271.417 Meg

Thu Oct 27 13:00:20 2016

