Command line:
   bcd4_simbox_isim_beh.exe
     -simmode  gui
     -simrunnum  0
     -socket  39165

Thu Nov 24 14:02:38 2016


 Elaboration Time: 0.01 sec

 Current Memory Usage: 195.998 Meg

 Total Signals          : 93
 Total Nets             : 50
 Total Signal Drivers   : 22
 Total Blocks           : 19
 Total Primitive Blocks : 16
 Total Processes        : 18
 Total Traceable Variables  : 14
 Total Scalar Nets and Variables : 534
Total Line Count : 26

 Total Simulation Time: 0.07 sec

 Current Memory Usage: 271.499 Meg

Thu Nov 24 14:03:29 2016

