Command line:
   full_adder_simbox_isim_beh.exe
     -simmode  gui
     -simrunnum  0
     -socket  43112

Thu Oct 27 00:23:24 2016


 Elaboration Time: 0.01 sec

 Current Memory Usage: 195.92 Meg

 Total Signals          : 10
 Total Nets             : 5
 Total Signal Drivers   : 5
 Total Blocks           : 3
 Total Primitive Blocks : 2
 Total Processes        : 5
 Total Traceable Variables  : 8
 Total Scalar Nets and Variables : 365
Total Line Count : 5

 Total Simulation Time: 0.02 sec

 Current Memory Usage: 271.421 Meg

Thu Oct 27 00:23:33 2016

