Command line:
   half_adder_simbox_isim_beh.exe
     -simmode  gui
     -simrunnum  0
     -socket  46303

Thu Oct 27 13:00:53 2016


 Elaboration Time: 0 sec

 Current Memory Usage: 195.916 Meg

 Total Signals          : 8
 Total Nets             : 4
 Total Signal Drivers   : 4
 Total Blocks           : 3
 Total Primitive Blocks : 2
 Total Processes        : 4
 Total Traceable Variables  : 8
 Total Scalar Nets and Variables : 364
Total Line Count : 4

 Total Simulation Time: 0.03 sec

 Current Memory Usage: 271.417 Meg

Thu Oct 27 13:01:27 2016

